<?xml version="1.0" encoding="UTF-8"?>
<!-- Generated by org.testng.reporters.JUnitReportReporter -->
<testsuite hostname="C02WR0FCHV2R" name="com.test.TestApi" tests="1" failures="0" timestamp="17 Sep 2019 05:55:18 GMT" time="0.005" errors="0">
  <testcase name="testApi" time="0.005" classname="com.test.TestApi"/>
</testsuite> <!-- com.test.TestApi -->
